Detecting CXX compiler ABI info failed to compile with the following output:
Change Dir: C:/Users/brian/Desktop/GroupProject/out/build/x64-Debug/CMakeFiles/CMakeScratch/TryCompile-ih8kpw

Run Build Command(s):C:/Program Files/Microsoft Visual Studio/2022/Community/Common7/IDE/CommonExtensions/Microsoft/CMake/Ninja/ninja.exe cmTC_09142 && [1/2] Building CXX object CMakeFiles\cmTC_09142.dir\CMakeCXXCompilerABI.cpp.obj
[2/2] Linking CXX executable cmTC_09142.exe
FAILED: cmTC_09142.exe 
cmd.exe /C "cd . && "C:\Program Files\Microsoft Visual Studio\2022\Community\Common7\IDE\CommonExtensions\Microsoft\CMake\CMake\bin\cmake.exe" -E vs_link_exe --intdir=CMakeFiles\cmTC_09142.dir --rc=rc --mt=CMAKE_MT-NOTFOUND --manifests  -- C:\PROGRA~1\MICROS~2\2022\COMMUN~1\VC\Tools\MSVC\1435~1.322\bin\Hostx64\x64\link.exe /nologo CMakeFiles\cmTC_09142.dir\CMakeCXXCompilerABI.cpp.obj  /out:cmTC_09142.exe /implib:cmTC_09142.lib /pdb:cmTC_09142.pdb /version:0.0 /machine:x64  /debug /INCREMENTAL /subsystem:console  kernel32.lib user32.lib gdi32.lib winspool.lib shell32.lib ole32.lib oleaut32.lib uuid.lib comdlg32.lib advapi32.lib && cd ."
RC Pass 1: command "rc /fo CMakeFiles\cmTC_09142.dir/manifest.res CMakeFiles\cmTC_09142.dir/manifest.rc" failed (exit code 0) with the following output:
The system cannot find the file specified
ninja: build stopped: subcommand failed.




Determining if the C++ compiler works failed with the following output:
Change Dir: C:/Users/brian/Desktop/GroupProject/out/build/x64-Debug/CMakeFiles/CMakeScratch/TryCompile-k0i8q4

Run Build Command(s):C:/Program Files/Microsoft Visual Studio/2022/Community/Common7/IDE/CommonExtensions/Microsoft/CMake/Ninja/ninja.exe cmTC_e0d47 && [1/2] Building CXX object CMakeFiles\cmTC_e0d47.dir\testCXXCompiler.cxx.obj
[2/2] Linking CXX executable cmTC_e0d47.exe
FAILED: cmTC_e0d47.exe 
cmd.exe /C "cd . && "C:\Program Files\Microsoft Visual Studio\2022\Community\Common7\IDE\CommonExtensions\Microsoft\CMake\CMake\bin\cmake.exe" -E vs_link_exe --intdir=CMakeFiles\cmTC_e0d47.dir --rc=rc --mt=CMAKE_MT-NOTFOUND --manifests  -- C:\PROGRA~1\MICROS~2\2022\COMMUN~1\VC\Tools\MSVC\1435~1.322\bin\Hostx64\x64\link.exe /nologo CMakeFiles\cmTC_e0d47.dir\testCXXCompiler.cxx.obj  /out:cmTC_e0d47.exe /implib:cmTC_e0d47.lib /pdb:cmTC_e0d47.pdb /version:0.0 /machine:x64  /debug /INCREMENTAL /subsystem:console  kernel32.lib user32.lib gdi32.lib winspool.lib shell32.lib ole32.lib oleaut32.lib uuid.lib comdlg32.lib advapi32.lib && cd ."
RC Pass 1: command "rc /fo CMakeFiles\cmTC_e0d47.dir/manifest.res CMakeFiles\cmTC_e0d47.dir/manifest.rc" failed (exit code 0) with the following output:
The system cannot find the file specified
ninja: build stopped: subcommand failed.



Detecting CXX compiler ABI info failed to compile with the following output:
Change Dir: C:/Users/brian/Desktop/GroupProject/out/build/x64-Debug/CMakeFiles/CMakeScratch/TryCompile-7cfigk

Run Build Command(s):C:/Program Files/Microsoft Visual Studio/2022/Community/Common7/IDE/CommonExtensions/Microsoft/CMake/Ninja/ninja.exe cmTC_12a80 && [1/2] Building CXX object CMakeFiles\cmTC_12a80.dir\CMakeCXXCompilerABI.cpp.obj
[2/2] Linking CXX executable cmTC_12a80.exe
FAILED: cmTC_12a80.exe 
cmd.exe /C "cd . && "C:\Program Files\Microsoft Visual Studio\2022\Community\Common7\IDE\CommonExtensions\Microsoft\CMake\CMake\bin\cmake.exe" -E vs_link_exe --intdir=CMakeFiles\cmTC_12a80.dir --rc=rc --mt=CMAKE_MT-NOTFOUND --manifests  -- C:\PROGRA~1\MICROS~2\2022\COMMUN~1\VC\Tools\MSVC\1435~1.322\bin\Hostx64\x64\link.exe /nologo CMakeFiles\cmTC_12a80.dir\CMakeCXXCompilerABI.cpp.obj  /out:cmTC_12a80.exe /implib:cmTC_12a80.lib /pdb:cmTC_12a80.pdb /version:0.0 /machine:x64  /debug /INCREMENTAL /subsystem:console  kernel32.lib user32.lib gdi32.lib winspool.lib shell32.lib ole32.lib oleaut32.lib uuid.lib comdlg32.lib advapi32.lib && cd ."
RC Pass 1: command "rc /fo CMakeFiles\cmTC_12a80.dir/manifest.res CMakeFiles\cmTC_12a80.dir/manifest.rc" failed (exit code 0) with the following output:
The system cannot find the file specified
ninja: build stopped: subcommand failed.




Determining if the C++ compiler works failed with the following output:
Change Dir: C:/Users/brian/Desktop/GroupProject/out/build/x64-Debug/CMakeFiles/CMakeScratch/TryCompile-ib31sx

Run Build Command(s):C:/Program Files/Microsoft Visual Studio/2022/Community/Common7/IDE/CommonExtensions/Microsoft/CMake/Ninja/ninja.exe cmTC_9771a && [1/2] Building CXX object CMakeFiles\cmTC_9771a.dir\testCXXCompiler.cxx.obj
[2/2] Linking CXX executable cmTC_9771a.exe
FAILED: cmTC_9771a.exe 
cmd.exe /C "cd . && "C:\Program Files\Microsoft Visual Studio\2022\Community\Common7\IDE\CommonExtensions\Microsoft\CMake\CMake\bin\cmake.exe" -E vs_link_exe --intdir=CMakeFiles\cmTC_9771a.dir --rc=rc --mt=CMAKE_MT-NOTFOUND --manifests  -- C:\PROGRA~1\MICROS~2\2022\COMMUN~1\VC\Tools\MSVC\1435~1.322\bin\Hostx64\x64\link.exe /nologo CMakeFiles\cmTC_9771a.dir\testCXXCompiler.cxx.obj  /out:cmTC_9771a.exe /implib:cmTC_9771a.lib /pdb:cmTC_9771a.pdb /version:0.0 /machine:x64  /debug /INCREMENTAL /subsystem:console  kernel32.lib user32.lib gdi32.lib winspool.lib shell32.lib ole32.lib oleaut32.lib uuid.lib comdlg32.lib advapi32.lib && cd ."
RC Pass 1: command "rc /fo CMakeFiles\cmTC_9771a.dir/manifest.res CMakeFiles\cmTC_9771a.dir/manifest.rc" failed (exit code 0) with the following output:
The system cannot find the file specified
ninja: build stopped: subcommand failed.



Detecting CXX compiler ABI info failed to compile with the following output:
Change Dir: C:/Users/brian/Desktop/GroupProject/out/build/x64-Debug/CMakeFiles/CMakeScratch/TryCompile-v95pf9

Run Build Command(s):C:/Program Files/Microsoft Visual Studio/2022/Community/Common7/IDE/CommonExtensions/Microsoft/CMake/Ninja/ninja.exe cmTC_faa86 && [1/2] Building CXX object CMakeFiles\cmTC_faa86.dir\CMakeCXXCompilerABI.cpp.obj
[2/2] Linking CXX executable cmTC_faa86.exe
FAILED: cmTC_faa86.exe 
cmd.exe /C "cd . && "C:\Program Files\Microsoft Visual Studio\2022\Community\Common7\IDE\CommonExtensions\Microsoft\CMake\CMake\bin\cmake.exe" -E vs_link_exe --intdir=CMakeFiles\cmTC_faa86.dir --rc=rc --mt=CMAKE_MT-NOTFOUND --manifests  -- C:\PROGRA~1\MICROS~2\2022\COMMUN~1\VC\Tools\MSVC\1435~1.322\bin\Hostx64\x64\link.exe /nologo CMakeFiles\cmTC_faa86.dir\CMakeCXXCompilerABI.cpp.obj  /out:cmTC_faa86.exe /implib:cmTC_faa86.lib /pdb:cmTC_faa86.pdb /version:0.0 /machine:x64  /debug /INCREMENTAL /subsystem:console  kernel32.lib user32.lib gdi32.lib winspool.lib shell32.lib ole32.lib oleaut32.lib uuid.lib comdlg32.lib advapi32.lib && cd ."
RC Pass 1: command "rc /fo CMakeFiles\cmTC_faa86.dir/manifest.res CMakeFiles\cmTC_faa86.dir/manifest.rc" failed (exit code 0) with the following output:
The system cannot find the file specified
ninja: build stopped: subcommand failed.




Determining if the C++ compiler works failed with the following output:
Change Dir: C:/Users/brian/Desktop/GroupProject/out/build/x64-Debug/CMakeFiles/CMakeScratch/TryCompile-gnvpql

Run Build Command(s):C:/Program Files/Microsoft Visual Studio/2022/Community/Common7/IDE/CommonExtensions/Microsoft/CMake/Ninja/ninja.exe cmTC_af073 && [1/2] Building CXX object CMakeFiles\cmTC_af073.dir\testCXXCompiler.cxx.obj
[2/2] Linking CXX executable cmTC_af073.exe
FAILED: cmTC_af073.exe 
cmd.exe /C "cd . && "C:\Program Files\Microsoft Visual Studio\2022\Community\Common7\IDE\CommonExtensions\Microsoft\CMake\CMake\bin\cmake.exe" -E vs_link_exe --intdir=CMakeFiles\cmTC_af073.dir --rc=rc --mt=CMAKE_MT-NOTFOUND --manifests  -- C:\PROGRA~1\MICROS~2\2022\COMMUN~1\VC\Tools\MSVC\1435~1.322\bin\Hostx64\x64\link.exe /nologo CMakeFiles\cmTC_af073.dir\testCXXCompiler.cxx.obj  /out:cmTC_af073.exe /implib:cmTC_af073.lib /pdb:cmTC_af073.pdb /version:0.0 /machine:x64  /debug /INCREMENTAL /subsystem:console  kernel32.lib user32.lib gdi32.lib winspool.lib shell32.lib ole32.lib oleaut32.lib uuid.lib comdlg32.lib advapi32.lib && cd ."
RC Pass 1: command "rc /fo CMakeFiles\cmTC_af073.dir/manifest.res CMakeFiles\cmTC_af073.dir/manifest.rc" failed (exit code 0) with the following output:
The system cannot find the file specified
ninja: build stopped: subcommand failed.



Detecting CXX compiler ABI info failed to compile with the following output:
Change Dir: C:/Users/brian/Desktop/GroupProject/out/build/x64-Debug/CMakeFiles/CMakeScratch/TryCompile-620zhq

Run Build Command(s):C:/Program Files/Microsoft Visual Studio/2022/Community/Common7/IDE/CommonExtensions/Microsoft/CMake/Ninja/ninja.exe cmTC_c0c36 && [1/2] Building CXX object CMakeFiles\cmTC_c0c36.dir\CMakeCXXCompilerABI.cpp.obj
[2/2] Linking CXX executable cmTC_c0c36.exe
FAILED: cmTC_c0c36.exe 
cmd.exe /C "cd . && "C:\Program Files\Microsoft Visual Studio\2022\Community\Common7\IDE\CommonExtensions\Microsoft\CMake\CMake\bin\cmake.exe" -E vs_link_exe --intdir=CMakeFiles\cmTC_c0c36.dir --rc=rc --mt=CMAKE_MT-NOTFOUND --manifests  -- C:\PROGRA~1\MICROS~2\2022\COMMUN~1\VC\Tools\MSVC\1435~1.322\bin\Hostx64\x64\link.exe /nologo CMakeFiles\cmTC_c0c36.dir\CMakeCXXCompilerABI.cpp.obj  /out:cmTC_c0c36.exe /implib:cmTC_c0c36.lib /pdb:cmTC_c0c36.pdb /version:0.0 /machine:x64  /debug /INCREMENTAL /subsystem:console  kernel32.lib user32.lib gdi32.lib winspool.lib shell32.lib ole32.lib oleaut32.lib uuid.lib comdlg32.lib advapi32.lib && cd ."
RC Pass 1: command "rc /fo CMakeFiles\cmTC_c0c36.dir/manifest.res CMakeFiles\cmTC_c0c36.dir/manifest.rc" failed (exit code 0) with the following output:
The system cannot find the file specified
ninja: build stopped: subcommand failed.




Determining if the C++ compiler works failed with the following output:
Change Dir: C:/Users/brian/Desktop/GroupProject/out/build/x64-Debug/CMakeFiles/CMakeScratch/TryCompile-69cv93

Run Build Command(s):C:/Program Files/Microsoft Visual Studio/2022/Community/Common7/IDE/CommonExtensions/Microsoft/CMake/Ninja/ninja.exe cmTC_2df8e && [1/2] Building CXX object CMakeFiles\cmTC_2df8e.dir\testCXXCompiler.cxx.obj
[2/2] Linking CXX executable cmTC_2df8e.exe
FAILED: cmTC_2df8e.exe 
cmd.exe /C "cd . && "C:\Program Files\Microsoft Visual Studio\2022\Community\Common7\IDE\CommonExtensions\Microsoft\CMake\CMake\bin\cmake.exe" -E vs_link_exe --intdir=CMakeFiles\cmTC_2df8e.dir --rc=rc --mt=CMAKE_MT-NOTFOUND --manifests  -- C:\PROGRA~1\MICROS~2\2022\COMMUN~1\VC\Tools\MSVC\1435~1.322\bin\Hostx64\x64\link.exe /nologo CMakeFiles\cmTC_2df8e.dir\testCXXCompiler.cxx.obj  /out:cmTC_2df8e.exe /implib:cmTC_2df8e.lib /pdb:cmTC_2df8e.pdb /version:0.0 /machine:x64  /debug /INCREMENTAL /subsystem:console  kernel32.lib user32.lib gdi32.lib winspool.lib shell32.lib ole32.lib oleaut32.lib uuid.lib comdlg32.lib advapi32.lib && cd ."
RC Pass 1: command "rc /fo CMakeFiles\cmTC_2df8e.dir/manifest.res CMakeFiles\cmTC_2df8e.dir/manifest.rc" failed (exit code 0) with the following output:
The system cannot find the file specified
ninja: build stopped: subcommand failed.



