Detecting CXX compiler ABI info failed to compile with the following output:
Change Dir: C:/Users/brian/Desktop/GroupProject/out/build/x64-Debug/CMakeFiles/CMakeScratch/TryCompile-2eqj70

Run Build Command(s):C:/Program Files/Microsoft Visual Studio/2022/Community/Common7/IDE/CommonExtensions/Microsoft/CMake/Ninja/ninja.exe cmTC_63c1b && [1/2] Building CXX object CMakeFiles\cmTC_63c1b.dir\CMakeCXXCompilerABI.cpp.obj
[2/2] Linking CXX executable cmTC_63c1b.exe
FAILED: cmTC_63c1b.exe 
cmd.exe /C "cd . && "C:\Program Files\Microsoft Visual Studio\2022\Community\Common7\IDE\CommonExtensions\Microsoft\CMake\CMake\bin\cmake.exe" -E vs_link_exe --intdir=CMakeFiles\cmTC_63c1b.dir --rc=rc --mt=CMAKE_MT-NOTFOUND --manifests  -- C:\PROGRA~1\MICROS~2\2022\COMMUN~1\VC\Tools\MSVC\1435~1.322\bin\Hostx64\x64\link.exe /nologo CMakeFiles\cmTC_63c1b.dir\CMakeCXXCompilerABI.cpp.obj  /out:cmTC_63c1b.exe /implib:cmTC_63c1b.lib /pdb:cmTC_63c1b.pdb /version:0.0 /machine:x64  /debug /INCREMENTAL /subsystem:console  kernel32.lib user32.lib gdi32.lib winspool.lib shell32.lib ole32.lib oleaut32.lib uuid.lib comdlg32.lib advapi32.lib && cd ."
RC Pass 1: command "rc /fo CMakeFiles\cmTC_63c1b.dir/manifest.res CMakeFiles\cmTC_63c1b.dir/manifest.rc" failed (exit code 0) with the following output:
The system cannot find the file specified
ninja: build stopped: subcommand failed.




Determining if the C++ compiler works failed with the following output:
Change Dir: C:/Users/brian/Desktop/GroupProject/out/build/x64-Debug/CMakeFiles/CMakeScratch/TryCompile-jy1zck

Run Build Command(s):C:/Program Files/Microsoft Visual Studio/2022/Community/Common7/IDE/CommonExtensions/Microsoft/CMake/Ninja/ninja.exe cmTC_181d6 && [1/2] Building CXX object CMakeFiles\cmTC_181d6.dir\testCXXCompiler.cxx.obj
[2/2] Linking CXX executable cmTC_181d6.exe
FAILED: cmTC_181d6.exe 
cmd.exe /C "cd . && "C:\Program Files\Microsoft Visual Studio\2022\Community\Common7\IDE\CommonExtensions\Microsoft\CMake\CMake\bin\cmake.exe" -E vs_link_exe --intdir=CMakeFiles\cmTC_181d6.dir --rc=rc --mt=CMAKE_MT-NOTFOUND --manifests  -- C:\PROGRA~1\MICROS~2\2022\COMMUN~1\VC\Tools\MSVC\1435~1.322\bin\Hostx64\x64\link.exe /nologo CMakeFiles\cmTC_181d6.dir\testCXXCompiler.cxx.obj  /out:cmTC_181d6.exe /implib:cmTC_181d6.lib /pdb:cmTC_181d6.pdb /version:0.0 /machine:x64  /debug /INCREMENTAL /subsystem:console  kernel32.lib user32.lib gdi32.lib winspool.lib shell32.lib ole32.lib oleaut32.lib uuid.lib comdlg32.lib advapi32.lib && cd ."
RC Pass 1: command "rc /fo CMakeFiles\cmTC_181d6.dir/manifest.res CMakeFiles\cmTC_181d6.dir/manifest.rc" failed (exit code 0) with the following output:
The system cannot find the file specified
ninja: build stopped: subcommand failed.



Detecting CXX compiler ABI info failed to compile with the following output:
Change Dir: C:/Users/brian/Desktop/GroupProject/out/build/x64-Debug/CMakeFiles/CMakeScratch/TryCompile-2pkdqb

Run Build Command(s):C:/Program Files/Microsoft Visual Studio/2022/Community/Common7/IDE/CommonExtensions/Microsoft/CMake/Ninja/ninja.exe cmTC_e642b && [1/2] Building CXX object CMakeFiles\cmTC_e642b.dir\CMakeCXXCompilerABI.cpp.obj
[2/2] Linking CXX executable cmTC_e642b.exe
FAILED: cmTC_e642b.exe 
cmd.exe /C "cd . && "C:\Program Files\Microsoft Visual Studio\2022\Community\Common7\IDE\CommonExtensions\Microsoft\CMake\CMake\bin\cmake.exe" -E vs_link_exe --intdir=CMakeFiles\cmTC_e642b.dir --rc=rc --mt=CMAKE_MT-NOTFOUND --manifests  -- C:\PROGRA~1\MICROS~2\2022\COMMUN~1\VC\Tools\MSVC\1435~1.322\bin\Hostx64\x64\link.exe /nologo CMakeFiles\cmTC_e642b.dir\CMakeCXXCompilerABI.cpp.obj  /out:cmTC_e642b.exe /implib:cmTC_e642b.lib /pdb:cmTC_e642b.pdb /version:0.0 /machine:x64  /debug /INCREMENTAL /subsystem:console  kernel32.lib user32.lib gdi32.lib winspool.lib shell32.lib ole32.lib oleaut32.lib uuid.lib comdlg32.lib advapi32.lib && cd ."
RC Pass 1: command "rc /fo CMakeFiles\cmTC_e642b.dir/manifest.res CMakeFiles\cmTC_e642b.dir/manifest.rc" failed (exit code 0) with the following output:
The system cannot find the file specified
ninja: build stopped: subcommand failed.




Determining if the C++ compiler works failed with the following output:
Change Dir: C:/Users/brian/Desktop/GroupProject/out/build/x64-Debug/CMakeFiles/CMakeScratch/TryCompile-0qlx0k

Run Build Command(s):C:/Program Files/Microsoft Visual Studio/2022/Community/Common7/IDE/CommonExtensions/Microsoft/CMake/Ninja/ninja.exe cmTC_2afa1 && [1/2] Building CXX object CMakeFiles\cmTC_2afa1.dir\testCXXCompiler.cxx.obj
[2/2] Linking CXX executable cmTC_2afa1.exe
FAILED: cmTC_2afa1.exe 
cmd.exe /C "cd . && "C:\Program Files\Microsoft Visual Studio\2022\Community\Common7\IDE\CommonExtensions\Microsoft\CMake\CMake\bin\cmake.exe" -E vs_link_exe --intdir=CMakeFiles\cmTC_2afa1.dir --rc=rc --mt=CMAKE_MT-NOTFOUND --manifests  -- C:\PROGRA~1\MICROS~2\2022\COMMUN~1\VC\Tools\MSVC\1435~1.322\bin\Hostx64\x64\link.exe /nologo CMakeFiles\cmTC_2afa1.dir\testCXXCompiler.cxx.obj  /out:cmTC_2afa1.exe /implib:cmTC_2afa1.lib /pdb:cmTC_2afa1.pdb /version:0.0 /machine:x64  /debug /INCREMENTAL /subsystem:console  kernel32.lib user32.lib gdi32.lib winspool.lib shell32.lib ole32.lib oleaut32.lib uuid.lib comdlg32.lib advapi32.lib && cd ."
RC Pass 1: command "rc /fo CMakeFiles\cmTC_2afa1.dir/manifest.res CMakeFiles\cmTC_2afa1.dir/manifest.rc" failed (exit code 0) with the following output:
The system cannot find the file specified
ninja: build stopped: subcommand failed.



Detecting CXX compiler ABI info failed to compile with the following output:
Change Dir: C:/Users/brian/Desktop/GroupProject/out/build/x64-Debug/CMakeFiles/CMakeScratch/TryCompile-om40g5

Run Build Command(s):C:/Program Files/Microsoft Visual Studio/2022/Community/Common7/IDE/CommonExtensions/Microsoft/CMake/Ninja/ninja.exe cmTC_3dbc7 && [1/2] Building CXX object CMakeFiles\cmTC_3dbc7.dir\CMakeCXXCompilerABI.cpp.obj
[2/2] Linking CXX executable cmTC_3dbc7.exe
FAILED: cmTC_3dbc7.exe 
cmd.exe /C "cd . && "C:\Program Files\Microsoft Visual Studio\2022\Community\Common7\IDE\CommonExtensions\Microsoft\CMake\CMake\bin\cmake.exe" -E vs_link_exe --intdir=CMakeFiles\cmTC_3dbc7.dir --rc=rc --mt=CMAKE_MT-NOTFOUND --manifests  -- C:\PROGRA~1\MICROS~2\2022\COMMUN~1\VC\Tools\MSVC\1435~1.322\bin\Hostx64\x64\link.exe /nologo CMakeFiles\cmTC_3dbc7.dir\CMakeCXXCompilerABI.cpp.obj  /out:cmTC_3dbc7.exe /implib:cmTC_3dbc7.lib /pdb:cmTC_3dbc7.pdb /version:0.0 /machine:x64  /debug /INCREMENTAL /subsystem:console  kernel32.lib user32.lib gdi32.lib winspool.lib shell32.lib ole32.lib oleaut32.lib uuid.lib comdlg32.lib advapi32.lib && cd ."
RC Pass 1: command "rc /fo CMakeFiles\cmTC_3dbc7.dir/manifest.res CMakeFiles\cmTC_3dbc7.dir/manifest.rc" failed (exit code 0) with the following output:
The system cannot find the file specified
ninja: build stopped: subcommand failed.




Determining if the C++ compiler works failed with the following output:
Change Dir: C:/Users/brian/Desktop/GroupProject/out/build/x64-Debug/CMakeFiles/CMakeScratch/TryCompile-67zu83

Run Build Command(s):C:/Program Files/Microsoft Visual Studio/2022/Community/Common7/IDE/CommonExtensions/Microsoft/CMake/Ninja/ninja.exe cmTC_9b766 && [1/2] Building CXX object CMakeFiles\cmTC_9b766.dir\testCXXCompiler.cxx.obj
[2/2] Linking CXX executable cmTC_9b766.exe
FAILED: cmTC_9b766.exe 
cmd.exe /C "cd . && "C:\Program Files\Microsoft Visual Studio\2022\Community\Common7\IDE\CommonExtensions\Microsoft\CMake\CMake\bin\cmake.exe" -E vs_link_exe --intdir=CMakeFiles\cmTC_9b766.dir --rc=rc --mt=CMAKE_MT-NOTFOUND --manifests  -- C:\PROGRA~1\MICROS~2\2022\COMMUN~1\VC\Tools\MSVC\1435~1.322\bin\Hostx64\x64\link.exe /nologo CMakeFiles\cmTC_9b766.dir\testCXXCompiler.cxx.obj  /out:cmTC_9b766.exe /implib:cmTC_9b766.lib /pdb:cmTC_9b766.pdb /version:0.0 /machine:x64  /debug /INCREMENTAL /subsystem:console  kernel32.lib user32.lib gdi32.lib winspool.lib shell32.lib ole32.lib oleaut32.lib uuid.lib comdlg32.lib advapi32.lib && cd ."
RC Pass 1: command "rc /fo CMakeFiles\cmTC_9b766.dir/manifest.res CMakeFiles\cmTC_9b766.dir/manifest.rc" failed (exit code 0) with the following output:
The system cannot find the file specified
ninja: build stopped: subcommand failed.



Detecting CXX compiler ABI info failed to compile with the following output:
Change Dir: C:/Users/brian/Desktop/GroupProject/out/build/x64-Debug/CMakeFiles/CMakeScratch/TryCompile-sujed1

Run Build Command(s):C:/Program Files/Microsoft Visual Studio/2022/Community/Common7/IDE/CommonExtensions/Microsoft/CMake/Ninja/ninja.exe cmTC_ca7ee && [1/2] Building CXX object CMakeFiles\cmTC_ca7ee.dir\CMakeCXXCompilerABI.cpp.obj
[2/2] Linking CXX executable cmTC_ca7ee.exe
FAILED: cmTC_ca7ee.exe 
cmd.exe /C "cd . && "C:\Program Files\Microsoft Visual Studio\2022\Community\Common7\IDE\CommonExtensions\Microsoft\CMake\CMake\bin\cmake.exe" -E vs_link_exe --intdir=CMakeFiles\cmTC_ca7ee.dir --rc=rc --mt=CMAKE_MT-NOTFOUND --manifests  -- C:\PROGRA~1\MICROS~2\2022\COMMUN~1\VC\Tools\MSVC\1435~1.322\bin\Hostx64\x64\link.exe /nologo CMakeFiles\cmTC_ca7ee.dir\CMakeCXXCompilerABI.cpp.obj  /out:cmTC_ca7ee.exe /implib:cmTC_ca7ee.lib /pdb:cmTC_ca7ee.pdb /version:0.0 /machine:x64  /debug /INCREMENTAL /subsystem:console  kernel32.lib user32.lib gdi32.lib winspool.lib shell32.lib ole32.lib oleaut32.lib uuid.lib comdlg32.lib advapi32.lib && cd ."
RC Pass 1: command "rc /fo CMakeFiles\cmTC_ca7ee.dir/manifest.res CMakeFiles\cmTC_ca7ee.dir/manifest.rc" failed (exit code 0) with the following output:
The system cannot find the file specified
ninja: build stopped: subcommand failed.




Determining if the C++ compiler works failed with the following output:
Change Dir: C:/Users/brian/Desktop/GroupProject/out/build/x64-Debug/CMakeFiles/CMakeScratch/TryCompile-brquaf

Run Build Command(s):C:/Program Files/Microsoft Visual Studio/2022/Community/Common7/IDE/CommonExtensions/Microsoft/CMake/Ninja/ninja.exe cmTC_e7168 && [1/2] Building CXX object CMakeFiles\cmTC_e7168.dir\testCXXCompiler.cxx.obj
[2/2] Linking CXX executable cmTC_e7168.exe
FAILED: cmTC_e7168.exe 
cmd.exe /C "cd . && "C:\Program Files\Microsoft Visual Studio\2022\Community\Common7\IDE\CommonExtensions\Microsoft\CMake\CMake\bin\cmake.exe" -E vs_link_exe --intdir=CMakeFiles\cmTC_e7168.dir --rc=rc --mt=CMAKE_MT-NOTFOUND --manifests  -- C:\PROGRA~1\MICROS~2\2022\COMMUN~1\VC\Tools\MSVC\1435~1.322\bin\Hostx64\x64\link.exe /nologo CMakeFiles\cmTC_e7168.dir\testCXXCompiler.cxx.obj  /out:cmTC_e7168.exe /implib:cmTC_e7168.lib /pdb:cmTC_e7168.pdb /version:0.0 /machine:x64  /debug /INCREMENTAL /subsystem:console  kernel32.lib user32.lib gdi32.lib winspool.lib shell32.lib ole32.lib oleaut32.lib uuid.lib comdlg32.lib advapi32.lib && cd ."
RC Pass 1: command "rc /fo CMakeFiles\cmTC_e7168.dir/manifest.res CMakeFiles\cmTC_e7168.dir/manifest.rc" failed (exit code 0) with the following output:
The system cannot find the file specified
ninja: build stopped: subcommand failed.



Detecting CXX compiler ABI info failed to compile with the following output:
Change Dir: C:/Users/brian/Desktop/GroupProject/out/build/x64-Debug/CMakeFiles/CMakeScratch/TryCompile-ht80jc

Run Build Command(s):C:/Program Files/Microsoft Visual Studio/2022/Community/Common7/IDE/CommonExtensions/Microsoft/CMake/Ninja/ninja.exe cmTC_ba5a2 && [1/2] Building CXX object CMakeFiles\cmTC_ba5a2.dir\CMakeCXXCompilerABI.cpp.obj
[2/2] Linking CXX executable cmTC_ba5a2.exe
FAILED: cmTC_ba5a2.exe 
cmd.exe /C "cd . && "C:\Program Files\Microsoft Visual Studio\2022\Community\Common7\IDE\CommonExtensions\Microsoft\CMake\CMake\bin\cmake.exe" -E vs_link_exe --intdir=CMakeFiles\cmTC_ba5a2.dir --rc=rc --mt=CMAKE_MT-NOTFOUND --manifests  -- C:\PROGRA~1\MICROS~2\2022\COMMUN~1\VC\Tools\MSVC\1435~1.322\bin\Hostx64\x64\link.exe /nologo CMakeFiles\cmTC_ba5a2.dir\CMakeCXXCompilerABI.cpp.obj  /out:cmTC_ba5a2.exe /implib:cmTC_ba5a2.lib /pdb:cmTC_ba5a2.pdb /version:0.0 /machine:x64  /debug /INCREMENTAL /subsystem:console  kernel32.lib user32.lib gdi32.lib winspool.lib shell32.lib ole32.lib oleaut32.lib uuid.lib comdlg32.lib advapi32.lib && cd ."
RC Pass 1: command "rc /fo CMakeFiles\cmTC_ba5a2.dir/manifest.res CMakeFiles\cmTC_ba5a2.dir/manifest.rc" failed (exit code 0) with the following output:
The system cannot find the file specified
ninja: build stopped: subcommand failed.




Determining if the C++ compiler works failed with the following output:
Change Dir: C:/Users/brian/Desktop/GroupProject/out/build/x64-Debug/CMakeFiles/CMakeScratch/TryCompile-h222i7

Run Build Command(s):C:/Program Files/Microsoft Visual Studio/2022/Community/Common7/IDE/CommonExtensions/Microsoft/CMake/Ninja/ninja.exe cmTC_e4d76 && [1/2] Building CXX object CMakeFiles\cmTC_e4d76.dir\testCXXCompiler.cxx.obj
[2/2] Linking CXX executable cmTC_e4d76.exe
FAILED: cmTC_e4d76.exe 
cmd.exe /C "cd . && "C:\Program Files\Microsoft Visual Studio\2022\Community\Common7\IDE\CommonExtensions\Microsoft\CMake\CMake\bin\cmake.exe" -E vs_link_exe --intdir=CMakeFiles\cmTC_e4d76.dir --rc=rc --mt=CMAKE_MT-NOTFOUND --manifests  -- C:\PROGRA~1\MICROS~2\2022\COMMUN~1\VC\Tools\MSVC\1435~1.322\bin\Hostx64\x64\link.exe /nologo CMakeFiles\cmTC_e4d76.dir\testCXXCompiler.cxx.obj  /out:cmTC_e4d76.exe /implib:cmTC_e4d76.lib /pdb:cmTC_e4d76.pdb /version:0.0 /machine:x64  /debug /INCREMENTAL /subsystem:console  kernel32.lib user32.lib gdi32.lib winspool.lib shell32.lib ole32.lib oleaut32.lib uuid.lib comdlg32.lib advapi32.lib && cd ."
RC Pass 1: command "rc /fo CMakeFiles\cmTC_e4d76.dir/manifest.res CMakeFiles\cmTC_e4d76.dir/manifest.rc" failed (exit code 0) with the following output:
The system cannot find the file specified
ninja: build stopped: subcommand failed.



